<?xml version="1.0" encoding="UTF-8"?>
<!-- Generated by org.testng.reporters.JUnitReportReporter -->
<testsuite skipped="0" hostname="LAPTOP-E7N61KNB" name="Framework1.Fwk1.testScripts.loginTestScript" tests="1" failures="0" timestamp="11 feb 2020 23:34:00 GMT" time="3.614" errors="0">
  <testcase name="test" time="3.614" classname="Framework1.Fwk1.testScripts.loginTestScript"/>
</testsuite> <!-- Framework1.Fwk1.testScripts.loginTestScript -->
